<?xml version="1.0" encoding="UTF-8"?>
<!-- Generated by org.testng.reporters.JUnitReportReporter -->
<testsuite hostname="DESKTOP-OFA3VR4" failures="0" tests="4" name="com.tests.UserManagementTest" time="79.060" errors="0" timestamp="2025-10-23T11:25:38 IST" skipped="3">
  <testcase classname="com.tests.UserManagementTest" name="testCompleteUserManagementFlow" time="79.060"/>
  <system-out/>
  <testcase classname="com.tests.UserManagementTest" name="testLoginOnly">
    <skipped/>
  </testcase> <!-- testLoginOnly -->
  <system-out/>
  <testcase classname="com.tests.UserManagementTest" name="testSearchUserOnly">
    <skipped/>
  </testcase> <!-- testSearchUserOnly -->
  <system-out/>
  <testcase classname="com.tests.UserManagementTest" name="testAddUserOnly">
    <skipped/>
  </testcase> <!-- testAddUserOnly -->
  <system-out/>
</testsuite> <!-- com.tests.UserManagementTest -->
